2023-02-03T11:16:54.108+07:00  INFO 12644 --- [restartedMain] c.d.admin.DonationsBackEndApplication    : Starting DonationsBackEndApplication using Java 17.0.5 with PID 12644 (G:\Spring Project\DonationsProject\DonationsWebParent\DonationsBackEnd\target\classes started by nguye in G:\Spring Project\DonationsProject\DonationsWebParent\DonationsBackEnd)
2023-02-03T11:16:54.113+07:00 DEBUG 12644 --- [restartedMain] c.d.admin.DonationsBackEndApplication    : Running with Spring Boot v3.0.1, Spring v6.0.3
2023-02-03T11:16:54.125+07:00  INFO 12644 --- [restartedMain] c.d.admin.DonationsBackEndApplication    : No active profile set, falling back to 1 default profile: "default"
2023-02-03T11:16:57.924+07:00  WARN 12644 --- [restartedMain] org.hibernate.orm.deprecation            : HHH90000021: Encountered deprecated setting [javax.persistence.sharedCache.mode], use [jakarta.persistence.sharedCache.mode] instead
2023-02-03T11:16:58.818+07:00  WARN 12644 --- [restartedMain] org.hibernate.orm.deprecation            : HHH90000026: SQLServer2012Dialect has been deprecated; use org.hibernate.dialect.SQLServerDialect instead
2023-02-03T11:17:02.856+07:00  WARN 12644 --- [restartedMain] JpaBaseConfiguration$JpaWebConfiguration : spring.jpa.open-in-view is enabled by default. Therefore, database queries may be performed during view rendering. Explicitly configure spring.jpa.open-in-view to disable this warning
2023-02-03T11:17:04.342+07:00  WARN 12644 --- [restartedMain] o.s.s.c.a.web.builders.WebSecurity       : You are asking Spring Security to ignore Mvc [pattern='/images/**']. This is not recommended -- please use permitAll via HttpSecurity#authorizeHttpRequests instead.
2023-02-03T11:17:04.343+07:00  WARN 12644 --- [restartedMain] o.s.s.c.a.web.builders.WebSecurity       : You are asking Spring Security to ignore Mvc [pattern='/js/**']. This is not recommended -- please use permitAll via HttpSecurity#authorizeHttpRequests instead.
2023-02-03T11:17:04.343+07:00  WARN 12644 --- [restartedMain] o.s.s.c.a.web.builders.WebSecurity       : You are asking Spring Security to ignore Mvc [pattern='/webjars/**']. This is not recommended -- please use permitAll via HttpSecurity#authorizeHttpRequests instead.
2023-02-03T11:17:04.344+07:00  WARN 12644 --- [restartedMain] o.s.s.c.a.web.builders.WebSecurity       : You are asking Spring Security to ignore Mvc [pattern='/fontawesome-free-6.2.1-web/**']. This is not recommended -- please use permitAll via HttpSecurity#authorizeHttpRequests instead.
2023-02-03T11:17:04.344+07:00  WARN 12644 --- [restartedMain] o.s.s.c.a.web.builders.WebSecurity       : You are asking Spring Security to ignore Mvc [pattern='/style.css']. This is not recommended -- please use permitAll via HttpSecurity#authorizeHttpRequests instead.
2023-02-03T11:17:05.096+07:00  INFO 12644 --- [restartedMain] c.d.admin.DonationsBackEndApplication    : Started DonationsBackEndApplication in 11.854 seconds (process running for 13.32)
2023-02-03T11:20:11.558+07:00  INFO 12644 --- [restartedMain] c.d.admin.DonationsBackEndApplication    : Starting DonationsBackEndApplication using Java 17.0.5 with PID 12644 (G:\Spring Project\DonationsProject\DonationsWebParent\DonationsBackEnd\target\classes started by nguye in G:\Spring Project\DonationsProject\DonationsWebParent\DonationsBackEnd)
2023-02-03T11:20:11.559+07:00 DEBUG 12644 --- [restartedMain] c.d.admin.DonationsBackEndApplication    : Running with Spring Boot v3.0.1, Spring v6.0.3
2023-02-03T11:20:11.559+07:00  INFO 12644 --- [restartedMain] c.d.admin.DonationsBackEndApplication    : No active profile set, falling back to 1 default profile: "default"
2023-02-03T11:20:12.057+07:00  WARN 12644 --- [restartedMain] org.hibernate.orm.deprecation            : HHH90000021: Encountered deprecated setting [javax.persistence.sharedCache.mode], use [jakarta.persistence.sharedCache.mode] instead
2023-02-03T11:20:12.094+07:00  WARN 12644 --- [restartedMain] org.hibernate.orm.deprecation            : HHH90000026: SQLServer2012Dialect has been deprecated; use org.hibernate.dialect.SQLServerDialect instead
2023-02-03T11:20:12.699+07:00  WARN 12644 --- [restartedMain] JpaBaseConfiguration$JpaWebConfiguration : spring.jpa.open-in-view is enabled by default. Therefore, database queries may be performed during view rendering. Explicitly configure spring.jpa.open-in-view to disable this warning
2023-02-03T11:20:13.119+07:00  WARN 12644 --- [restartedMain] o.s.s.c.a.web.builders.WebSecurity       : You are asking Spring Security to ignore Mvc [pattern='/images/**']. This is not recommended -- please use permitAll via HttpSecurity#authorizeHttpRequests instead.
2023-02-03T11:20:13.119+07:00  WARN 12644 --- [restartedMain] o.s.s.c.a.web.builders.WebSecurity       : You are asking Spring Security to ignore Mvc [pattern='/js/**']. This is not recommended -- please use permitAll via HttpSecurity#authorizeHttpRequests instead.
2023-02-03T11:20:13.119+07:00  WARN 12644 --- [restartedMain] o.s.s.c.a.web.builders.WebSecurity       : You are asking Spring Security to ignore Mvc [pattern='/webjars/**']. This is not recommended -- please use permitAll via HttpSecurity#authorizeHttpRequests instead.
2023-02-03T11:20:13.120+07:00  WARN 12644 --- [restartedMain] o.s.s.c.a.web.builders.WebSecurity       : You are asking Spring Security to ignore Mvc [pattern='/fontawesome-free-6.2.1-web/**']. This is not recommended -- please use permitAll via HttpSecurity#authorizeHttpRequests instead.
2023-02-03T11:20:13.120+07:00  WARN 12644 --- [restartedMain] o.s.s.c.a.web.builders.WebSecurity       : You are asking Spring Security to ignore Mvc [pattern='/style.css']. This is not recommended -- please use permitAll via HttpSecurity#authorizeHttpRequests instead.
2023-02-03T11:20:13.252+07:00  INFO 12644 --- [restartedMain] c.d.admin.DonationsBackEndApplication    : Started DonationsBackEndApplication in 1.736 seconds (process running for 201.476)
2023-02-03T11:20:26.686+07:00  INFO 12644 --- [restartedMain] c.d.admin.DonationsBackEndApplication    : Starting DonationsBackEndApplication using Java 17.0.5 with PID 12644 (G:\Spring Project\DonationsProject\DonationsWebParent\DonationsBackEnd\target\classes started by nguye in G:\Spring Project\DonationsProject\DonationsWebParent\DonationsBackEnd)
2023-02-03T11:20:26.687+07:00 DEBUG 12644 --- [restartedMain] c.d.admin.DonationsBackEndApplication    : Running with Spring Boot v3.0.1, Spring v6.0.3
2023-02-03T11:20:26.687+07:00  INFO 12644 --- [restartedMain] c.d.admin.DonationsBackEndApplication    : No active profile set, falling back to 1 default profile: "default"
2023-02-03T11:20:27.190+07:00  WARN 12644 --- [restartedMain] org.hibernate.orm.deprecation            : HHH90000021: Encountered deprecated setting [javax.persistence.sharedCache.mode], use [jakarta.persistence.sharedCache.mode] instead
2023-02-03T11:20:27.225+07:00  WARN 12644 --- [restartedMain] org.hibernate.orm.deprecation            : HHH90000026: SQLServer2012Dialect has been deprecated; use org.hibernate.dialect.SQLServerDialect instead
2023-02-03T11:20:27.440+07:00  WARN 12644 --- [restartedMain] JpaBaseConfiguration$JpaWebConfiguration : spring.jpa.open-in-view is enabled by default. Therefore, database queries may be performed during view rendering. Explicitly configure spring.jpa.open-in-view to disable this warning
2023-02-03T11:20:27.907+07:00  WARN 12644 --- [restartedMain] o.s.s.c.a.web.builders.WebSecurity       : You are asking Spring Security to ignore Mvc [pattern='/images/**']. This is not recommended -- please use permitAll via HttpSecurity#authorizeHttpRequests instead.
2023-02-03T11:20:27.907+07:00  WARN 12644 --- [restartedMain] o.s.s.c.a.web.builders.WebSecurity       : You are asking Spring Security to ignore Mvc [pattern='/js/**']. This is not recommended -- please use permitAll via HttpSecurity#authorizeHttpRequests instead.
2023-02-03T11:20:27.908+07:00  WARN 12644 --- [restartedMain] o.s.s.c.a.web.builders.WebSecurity       : You are asking Spring Security to ignore Mvc [pattern='/webjars/**']. This is not recommended -- please use permitAll via HttpSecurity#authorizeHttpRequests instead.
2023-02-03T11:20:27.908+07:00  WARN 12644 --- [restartedMain] o.s.s.c.a.web.builders.WebSecurity       : You are asking Spring Security to ignore Mvc [pattern='/fontawesome-free-6.2.1-web/**']. This is not recommended -- please use permitAll via HttpSecurity#authorizeHttpRequests instead.
2023-02-03T11:20:27.908+07:00  WARN 12644 --- [restartedMain] o.s.s.c.a.web.builders.WebSecurity       : You are asking Spring Security to ignore Mvc [pattern='/style.css']. This is not recommended -- please use permitAll via HttpSecurity#authorizeHttpRequests instead.
2023-02-03T11:20:28.019+07:00  INFO 12644 --- [restartedMain] c.d.admin.DonationsBackEndApplication    : Started DonationsBackEndApplication in 1.372 seconds (process running for 216.244)
2023-02-03T11:21:06.103+07:00  INFO 12644 --- [restartedMain] c.d.admin.DonationsBackEndApplication    : Starting DonationsBackEndApplication using Java 17.0.5 with PID 12644 (G:\Spring Project\DonationsProject\DonationsWebParent\DonationsBackEnd\target\classes started by nguye in G:\Spring Project\DonationsProject\DonationsWebParent\DonationsBackEnd)
2023-02-03T11:21:06.104+07:00 DEBUG 12644 --- [restartedMain] c.d.admin.DonationsBackEndApplication    : Running with Spring Boot v3.0.1, Spring v6.0.3
2023-02-03T11:21:06.104+07:00  INFO 12644 --- [restartedMain] c.d.admin.DonationsBackEndApplication    : No active profile set, falling back to 1 default profile: "default"
2023-02-03T11:21:06.548+07:00  WARN 12644 --- [restartedMain] org.hibernate.orm.deprecation            : HHH90000021: Encountered deprecated setting [javax.persistence.sharedCache.mode], use [jakarta.persistence.sharedCache.mode] instead
2023-02-03T11:21:06.579+07:00  WARN 12644 --- [restartedMain] org.hibernate.orm.deprecation            : HHH90000026: SQLServer2012Dialect has been deprecated; use org.hibernate.dialect.SQLServerDialect instead
2023-02-03T11:21:07.149+07:00  WARN 12644 --- [restartedMain] JpaBaseConfiguration$JpaWebConfiguration : spring.jpa.open-in-view is enabled by default. Therefore, database queries may be performed during view rendering. Explicitly configure spring.jpa.open-in-view to disable this warning
2023-02-03T11:21:07.606+07:00  WARN 12644 --- [restartedMain] o.s.s.c.a.web.builders.WebSecurity       : You are asking Spring Security to ignore Mvc [pattern='/images/**']. This is not recommended -- please use permitAll via HttpSecurity#authorizeHttpRequests instead.
2023-02-03T11:21:07.606+07:00  WARN 12644 --- [restartedMain] o.s.s.c.a.web.builders.WebSecurity       : You are asking Spring Security to ignore Mvc [pattern='/js/**']. This is not recommended -- please use permitAll via HttpSecurity#authorizeHttpRequests instead.
2023-02-03T11:21:07.606+07:00  WARN 12644 --- [restartedMain] o.s.s.c.a.web.builders.WebSecurity       : You are asking Spring Security to ignore Mvc [pattern='/webjars/**']. This is not recommended -- please use permitAll via HttpSecurity#authorizeHttpRequests instead.
2023-02-03T11:21:07.607+07:00  WARN 12644 --- [restartedMain] o.s.s.c.a.web.builders.WebSecurity       : You are asking Spring Security to ignore Mvc [pattern='/fontawesome-free-6.2.1-web/**']. This is not recommended -- please use permitAll via HttpSecurity#authorizeHttpRequests instead.
2023-02-03T11:21:07.607+07:00  WARN 12644 --- [restartedMain] o.s.s.c.a.web.builders.WebSecurity       : You are asking Spring Security to ignore Mvc [pattern='/style.css']. This is not recommended -- please use permitAll via HttpSecurity#authorizeHttpRequests instead.
2023-02-03T11:21:07.691+07:00  INFO 12644 --- [restartedMain] c.d.admin.DonationsBackEndApplication    : Started DonationsBackEndApplication in 1.617 seconds (process running for 255.915)
2023-02-03T11:21:33.840+07:00  INFO 12644 --- [restartedMain] c.d.admin.DonationsBackEndApplication    : Starting DonationsBackEndApplication using Java 17.0.5 with PID 12644 (G:\Spring Project\DonationsProject\DonationsWebParent\DonationsBackEnd\target\classes started by nguye in G:\Spring Project\DonationsProject\DonationsWebParent\DonationsBackEnd)
2023-02-03T11:21:33.840+07:00 DEBUG 12644 --- [restartedMain] c.d.admin.DonationsBackEndApplication    : Running with Spring Boot v3.0.1, Spring v6.0.3
2023-02-03T11:21:33.840+07:00  INFO 12644 --- [restartedMain] c.d.admin.DonationsBackEndApplication    : No active profile set, falling back to 1 default profile: "default"
2023-02-03T11:21:34.293+07:00  WARN 12644 --- [restartedMain] org.hibernate.orm.deprecation            : HHH90000021: Encountered deprecated setting [javax.persistence.sharedCache.mode], use [jakarta.persistence.sharedCache.mode] instead
2023-02-03T11:21:34.320+07:00  WARN 12644 --- [restartedMain] org.hibernate.orm.deprecation            : HHH90000026: SQLServer2012Dialect has been deprecated; use org.hibernate.dialect.SQLServerDialect instead
2023-02-03T11:21:34.520+07:00  WARN 12644 --- [restartedMain] JpaBaseConfiguration$JpaWebConfiguration : spring.jpa.open-in-view is enabled by default. Therefore, database queries may be performed during view rendering. Explicitly configure spring.jpa.open-in-view to disable this warning
2023-02-03T11:21:34.991+07:00  WARN 12644 --- [restartedMain] o.s.s.c.a.web.builders.WebSecurity       : You are asking Spring Security to ignore Mvc [pattern='/images/**']. This is not recommended -- please use permitAll via HttpSecurity#authorizeHttpRequests instead.
2023-02-03T11:21:34.991+07:00  WARN 12644 --- [restartedMain] o.s.s.c.a.web.builders.WebSecurity       : You are asking Spring Security to ignore Mvc [pattern='/js/**']. This is not recommended -- please use permitAll via HttpSecurity#authorizeHttpRequests instead.
2023-02-03T11:21:34.992+07:00  WARN 12644 --- [restartedMain] o.s.s.c.a.web.builders.WebSecurity       : You are asking Spring Security to ignore Mvc [pattern='/webjars/**']. This is not recommended -- please use permitAll via HttpSecurity#authorizeHttpRequests instead.
2023-02-03T11:21:34.992+07:00  WARN 12644 --- [restartedMain] o.s.s.c.a.web.builders.WebSecurity       : You are asking Spring Security to ignore Mvc [pattern='/fontawesome-free-6.2.1-web/**']. This is not recommended -- please use permitAll via HttpSecurity#authorizeHttpRequests instead.
2023-02-03T11:21:34.992+07:00  WARN 12644 --- [restartedMain] o.s.s.c.a.web.builders.WebSecurity       : You are asking Spring Security to ignore Mvc [pattern='/style.css']. This is not recommended -- please use permitAll via HttpSecurity#authorizeHttpRequests instead.
2023-02-03T11:21:35.143+07:00  INFO 12644 --- [restartedMain] c.d.admin.DonationsBackEndApplication    : Started DonationsBackEndApplication in 1.337 seconds (process running for 283.368)
2023-02-03T11:22:03.009+07:00  INFO 11608 --- [restartedMain] c.d.admin.DonationsBackEndApplication    : Starting DonationsBackEndApplication using Java 17.0.5 with PID 11608 (G:\Spring Project\DonationsProject\DonationsWebParent\DonationsBackEnd\target\classes started by nguye in G:\Spring Project\DonationsProject\DonationsWebParent\DonationsBackEnd)
2023-02-03T11:22:03.012+07:00 DEBUG 11608 --- [restartedMain] c.d.admin.DonationsBackEndApplication    : Running with Spring Boot v3.0.1, Spring v6.0.3
2023-02-03T11:22:03.014+07:00  INFO 11608 --- [restartedMain] c.d.admin.DonationsBackEndApplication    : No active profile set, falling back to 1 default profile: "default"
2023-02-03T11:22:05.274+07:00  WARN 11608 --- [restartedMain] org.hibernate.orm.deprecation            : HHH90000021: Encountered deprecated setting [javax.persistence.sharedCache.mode], use [jakarta.persistence.sharedCache.mode] instead
2023-02-03T11:22:05.749+07:00  WARN 11608 --- [restartedMain] org.hibernate.orm.deprecation            : HHH90000026: SQLServer2012Dialect has been deprecated; use org.hibernate.dialect.SQLServerDialect instead
2023-02-03T11:22:07.935+07:00  WARN 11608 --- [restartedMain] JpaBaseConfiguration$JpaWebConfiguration : spring.jpa.open-in-view is enabled by default. Therefore, database queries may be performed during view rendering. Explicitly configure spring.jpa.open-in-view to disable this warning
2023-02-03T11:22:08.802+07:00  WARN 11608 --- [restartedMain] o.s.s.c.a.web.builders.WebSecurity       : You are asking Spring Security to ignore Mvc [pattern='/images/**']. This is not recommended -- please use permitAll via HttpSecurity#authorizeHttpRequests instead.
2023-02-03T11:22:08.803+07:00  WARN 11608 --- [restartedMain] o.s.s.c.a.web.builders.WebSecurity       : You are asking Spring Security to ignore Mvc [pattern='/js/**']. This is not recommended -- please use permitAll via HttpSecurity#authorizeHttpRequests instead.
2023-02-03T11:22:08.804+07:00  WARN 11608 --- [restartedMain] o.s.s.c.a.web.builders.WebSecurity       : You are asking Spring Security to ignore Mvc [pattern='/webjars/**']. This is not recommended -- please use permitAll via HttpSecurity#authorizeHttpRequests instead.
2023-02-03T11:22:08.805+07:00  WARN 11608 --- [restartedMain] o.s.s.c.a.web.builders.WebSecurity       : You are asking Spring Security to ignore Mvc [pattern='/fontawesome-free-6.2.1-web/**']. This is not recommended -- please use permitAll via HttpSecurity#authorizeHttpRequests instead.
2023-02-03T11:22:08.805+07:00  WARN 11608 --- [restartedMain] o.s.s.c.a.web.builders.WebSecurity       : You are asking Spring Security to ignore Mvc [pattern='/style.css']. This is not recommended -- please use permitAll via HttpSecurity#authorizeHttpRequests instead.
2023-02-03T11:22:09.308+07:00  INFO 11608 --- [restartedMain] c.d.admin.DonationsBackEndApplication    : Started DonationsBackEndApplication in 6.803 seconds (process running for 7.912)
2023-02-03T11:22:14.697+07:00  WARN 11608 --- [http-nio-8080-exec-2] actStandardFragmentInsertionTagProcessor : [THYMELEAF][http-nio-8080-exec-2][login] Deprecated unwrapped fragment expression "fragments :: page_head('Donations Admim - Login Page')" found in template login, line 3, col 7. Please use the complete syntax of fragment expressions instead ("~{fragments :: page_head('Donations Admim - Login Page')}"). The old, unwrapped syntax for fragment expressions will be removed in future versions of Thymeleaf.
2023-02-03T11:22:14.828+07:00  WARN 11608 --- [http-nio-8080-exec-2] actStandardFragmentInsertionTagProcessor : [THYMELEAF][http-nio-8080-exec-2][login] Deprecated unwrapped fragment expression "fragments :: footer" found in template login, line 62, col 8. Please use the complete syntax of fragment expressions instead ("~{fragments :: footer}"). The old, unwrapped syntax for fragment expressions will be removed in future versions of Thymeleaf.
2023-02-03T11:22:22.912+07:00  WARN 11608 --- [http-nio-8080-exec-1] actStandardFragmentInsertionTagProcessor : [THYMELEAF][http-nio-8080-exec-1][index] Deprecated unwrapped fragment expression "fragments :: page_head('Donations Admin - Home Page')" found in template index, line 4, col 7. Please use the complete syntax of fragment expressions instead ("~{fragments :: page_head('Donations Admin - Home Page')}"). The old, unwrapped syntax for fragment expressions will be removed in future versions of Thymeleaf.
2023-02-03T11:22:22.920+07:00  WARN 11608 --- [http-nio-8080-exec-1] actStandardFragmentInsertionTagProcessor : [THYMELEAF][http-nio-8080-exec-1][index] Deprecated unwrapped fragment expression "navigation :: navigationMenu" found in template index, line 8, col 8. Please use the complete syntax of fragment expressions instead ("~{navigation :: navigationMenu}"). The old, unwrapped syntax for fragment expressions will be removed in future versions of Thymeleaf.
2023-02-03T11:22:22.987+07:00  WARN 11608 --- [http-nio-8080-exec-1] actStandardFragmentInsertionTagProcessor : [THYMELEAF][http-nio-8080-exec-1][index] Deprecated unwrapped fragment expression "fragments :: footer" found in template index, line 16, col 7. Please use the complete syntax of fragment expressions instead ("~{fragments :: footer}"). The old, unwrapped syntax for fragment expressions will be removed in future versions of Thymeleaf.
2023-02-03T11:22:44.087+07:00  WARN 11608 --- [http-nio-8080-exec-8] actStandardFragmentInsertionTagProcessor : [THYMELEAF][http-nio-8080-exec-8][users/users] Deprecated unwrapped fragment expression "fragments :: page_head('Donations Admin Control Panel')" found in template users/users, line 3, col 7. Please use the complete syntax of fragment expressions instead ("~{fragments :: page_head('Donations Admin Control Panel')}"). The old, unwrapped syntax for fragment expressions will be removed in future versions of Thymeleaf.
2023-02-03T11:22:44.093+07:00  WARN 11608 --- [http-nio-8080-exec-8] actStandardFragmentInsertionTagProcessor : [THYMELEAF][http-nio-8080-exec-8][users/users] Deprecated unwrapped fragment expression "navigation :: navigationMenu" found in template users/users, line 7, col 8. Please use the complete syntax of fragment expressions instead ("~{navigation :: navigationMenu}"). The old, unwrapped syntax for fragment expressions will be removed in future versions of Thymeleaf.
2023-02-03T11:22:44.605+07:00  WARN 11608 --- [http-nio-8080-exec-8] actStandardFragmentInsertionTagProcessor : [THYMELEAF][http-nio-8080-exec-8][users/users] Deprecated unwrapped fragment expression "fragments :: footer" found in template users/users, line 249, col 8. Please use the complete syntax of fragment expressions instead ("~{fragments :: footer}"). The old, unwrapped syntax for fragment expressions will be removed in future versions of Thymeleaf.
2023-02-03T11:22:45.878+07:00  WARN 11608 --- [http-nio-8080-exec-2] actStandardFragmentInsertionTagProcessor : [THYMELEAF][http-nio-8080-exec-2][users/user_form] Deprecated unwrapped fragment expression "fragments :: page_head('User Form')" found in template users/user_form, line 3, col 7. Please use the complete syntax of fragment expressions instead ("~{fragments :: page_head('User Form')}"). The old, unwrapped syntax for fragment expressions will be removed in future versions of Thymeleaf.
2023-02-03T11:22:45.883+07:00  WARN 11608 --- [http-nio-8080-exec-2] actStandardFragmentInsertionTagProcessor : [THYMELEAF][http-nio-8080-exec-2][users/user_form] Deprecated unwrapped fragment expression "navigation :: navigationMenu" found in template users/user_form, line 6, col 8. Please use the complete syntax of fragment expressions instead ("~{navigation :: navigationMenu}"). The old, unwrapped syntax for fragment expressions will be removed in future versions of Thymeleaf.
2023-02-03T11:22:45.991+07:00  WARN 11608 --- [http-nio-8080-exec-2] actStandardFragmentInsertionTagProcessor : [THYMELEAF][http-nio-8080-exec-2][users/user_form] Deprecated unwrapped fragment expression "fragments :: footer" found in template users/user_form, line 110, col 8. Please use the complete syntax of fragment expressions instead ("~{fragments :: footer}"). The old, unwrapped syntax for fragment expressions will be removed in future versions of Thymeleaf.
2023-02-03T11:23:24.577+07:00 ERROR 11608 --- [http-nio-8080-exec-10] com.donations.admin.FileUploadUtil       : Could not list directory: user-photos\1002
2023-02-03T11:23:24.657+07:00  WARN 11608 --- [http-nio-8080-exec-1] actStandardFragmentInsertionTagProcessor : [THYMELEAF][http-nio-8080-exec-1][users/users] Deprecated unwrapped fragment expression "fragments :: page_head('Donations Admin Control Panel')" found in template users/users, line 3, col 7. Please use the complete syntax of fragment expressions instead ("~{fragments :: page_head('Donations Admin Control Panel')}"). The old, unwrapped syntax for fragment expressions will be removed in future versions of Thymeleaf.
2023-02-03T11:23:24.664+07:00  WARN 11608 --- [http-nio-8080-exec-1] actStandardFragmentInsertionTagProcessor : [THYMELEAF][http-nio-8080-exec-1][users/users] Deprecated unwrapped fragment expression "navigation :: navigationMenu" found in template users/users, line 7, col 8. Please use the complete syntax of fragment expressions instead ("~{navigation :: navigationMenu}"). The old, unwrapped syntax for fragment expressions will be removed in future versions of Thymeleaf.
2023-02-03T11:23:24.862+07:00  WARN 11608 --- [http-nio-8080-exec-1] actStandardFragmentInsertionTagProcessor : [THYMELEAF][http-nio-8080-exec-1][users/users] Deprecated unwrapped fragment expression "fragments :: footer" found in template users/users, line 249, col 8. Please use the complete syntax of fragment expressions instead ("~{fragments :: footer}"). The old, unwrapped syntax for fragment expressions will be removed in future versions of Thymeleaf.
2023-02-03T11:24:02.119+07:00  WARN 11608 --- [http-nio-8080-exec-7] actStandardFragmentInsertionTagProcessor : [THYMELEAF][http-nio-8080-exec-7][users/users] Deprecated unwrapped fragment expression "fragments :: page_head('Donations Admin Control Panel')" found in template users/users, line 3, col 7. Please use the complete syntax of fragment expressions instead ("~{fragments :: page_head('Donations Admin Control Panel')}"). The old, unwrapped syntax for fragment expressions will be removed in future versions of Thymeleaf.
2023-02-03T11:24:02.132+07:00  WARN 11608 --- [http-nio-8080-exec-7] actStandardFragmentInsertionTagProcessor : [THYMELEAF][http-nio-8080-exec-7][users/users] Deprecated unwrapped fragment expression "navigation :: navigationMenu" found in template users/users, line 7, col 8. Please use the complete syntax of fragment expressions instead ("~{navigation :: navigationMenu}"). The old, unwrapped syntax for fragment expressions will be removed in future versions of Thymeleaf.
2023-02-03T11:24:02.620+07:00  WARN 11608 --- [http-nio-8080-exec-7] actStandardFragmentInsertionTagProcessor : [THYMELEAF][http-nio-8080-exec-7][users/users] Deprecated unwrapped fragment expression "fragments :: footer" found in template users/users, line 249, col 8. Please use the complete syntax of fragment expressions instead ("~{fragments :: footer}"). The old, unwrapped syntax for fragment expressions will be removed in future versions of Thymeleaf.
2023-02-03T11:25:05.121+07:00  WARN 11608 --- [http-nio-8080-exec-3] actStandardFragmentInsertionTagProcessor : [THYMELEAF][http-nio-8080-exec-3][users/users] Deprecated unwrapped fragment expression "fragments :: page_head('Donations Admin Control Panel')" found in template users/users, line 3, col 7. Please use the complete syntax of fragment expressions instead ("~{fragments :: page_head('Donations Admin Control Panel')}"). The old, unwrapped syntax for fragment expressions will be removed in future versions of Thymeleaf.
2023-02-03T11:25:05.130+07:00  WARN 11608 --- [http-nio-8080-exec-3] actStandardFragmentInsertionTagProcessor : [THYMELEAF][http-nio-8080-exec-3][users/users] Deprecated unwrapped fragment expression "navigation :: navigationMenu" found in template users/users, line 7, col 8. Please use the complete syntax of fragment expressions instead ("~{navigation :: navigationMenu}"). The old, unwrapped syntax for fragment expressions will be removed in future versions of Thymeleaf.
2023-02-03T11:25:05.301+07:00  WARN 11608 --- [http-nio-8080-exec-3] actStandardFragmentInsertionTagProcessor : [THYMELEAF][http-nio-8080-exec-3][users/users] Deprecated unwrapped fragment expression "fragments :: footer" found in template users/users, line 249, col 8. Please use the complete syntax of fragment expressions instead ("~{fragments :: footer}"). The old, unwrapped syntax for fragment expressions will be removed in future versions of Thymeleaf.
2023-02-03T11:28:36.046+07:00  WARN 11608 --- [Thread-5] o.a.c.c.C.[.[.[/DonationsAdmin]          : Cannot serialize session attribute [SPRING_SECURITY_CONTEXT] for session [FF7DEAE6CDFD1366D24750B6E42D1BB7]

java.io.NotSerializableException: com.donations.common.entity.User
	at java.base/java.io.ObjectOutputStream.writeObject0(ObjectOutputStream.java:1187) ~[na:na]
	at java.base/java.io.ObjectOutputStream.defaultWriteFields(ObjectOutputStream.java:1572) ~[na:na]
	at java.base/java.io.ObjectOutputStream.writeSerialData(ObjectOutputStream.java:1529) ~[na:na]
	at java.base/java.io.ObjectOutputStream.writeOrdinaryObject(ObjectOutputStream.java:1438) ~[na:na]
	at java.base/java.io.ObjectOutputStream.writeObject0(ObjectOutputStream.java:1181) ~[na:na]
	at java.base/java.io.ObjectOutputStream.defaultWriteFields(ObjectOutputStream.java:1572) ~[na:na]
	at java.base/java.io.ObjectOutputStream.writeSerialData(ObjectOutputStream.java:1529) ~[na:na]
	at java.base/java.io.ObjectOutputStream.writeOrdinaryObject(ObjectOutputStream.java:1438) ~[na:na]
	at java.base/java.io.ObjectOutputStream.writeObject0(ObjectOutputStream.java:1181) ~[na:na]
	at java.base/java.io.ObjectOutputStream.defaultWriteFields(ObjectOutputStream.java:1572) ~[na:na]
	at java.base/java.io.ObjectOutputStream.writeSerialData(ObjectOutputStream.java:1529) ~[na:na]
	at java.base/java.io.ObjectOutputStream.writeOrdinaryObject(ObjectOutputStream.java:1438) ~[na:na]
	at java.base/java.io.ObjectOutputStream.writeObject0(ObjectOutputStream.java:1181) ~[na:na]
	at java.base/java.io.ObjectOutputStream.writeObject(ObjectOutputStream.java:350) ~[na:na]
	at org.apache.catalina.session.StandardSession.doWriteObject(StandardSession.java:1625) ~[tomcat-embed-core-10.1.4.jar:10.1.4]
	at org.apache.catalina.session.StandardSession.writeObjectData(StandardSession.java:1050) ~[tomcat-embed-core-10.1.4.jar:10.1.4]
	at org.apache.catalina.session.StandardManager.doUnload(StandardManager.java:317) ~[tomcat-embed-core-10.1.4.jar:10.1.4]
	at org.apache.catalina.session.StandardManager.unload(StandardManager.java:268) ~[tomcat-embed-core-10.1.4.jar:10.1.4]
	at org.apache.catalina.session.StandardManager.stopInternal(StandardManager.java:384) ~[tomcat-embed-core-10.1.4.jar:10.1.4]
	at org.apache.catalina.util.LifecycleBase.stop(LifecycleBase.java:257) ~[tomcat-embed-core-10.1.4.jar:10.1.4]
	at org.apache.catalina.core.StandardContext.stopInternal(StandardContext.java:5392) ~[tomcat-embed-core-10.1.4.jar:10.1.4]
	at org.apache.catalina.util.LifecycleBase.stop(LifecycleBase.java:257) ~[tomcat-embed-core-10.1.4.jar:10.1.4]
	at org.apache.catalina.core.ContainerBase$StopChild.call(ContainerBase.java:1409) ~[tomcat-embed-core-10.1.4.jar:10.1.4]
	at org.apache.catalina.core.ContainerBase$StopChild.call(ContainerBase.java:1398) ~[tomcat-embed-core-10.1.4.jar:10.1.4]
	at java.base/java.util.concurrent.FutureTask.run(FutureTask.java:264) ~[na:na]
	at org.apache.tomcat.util.threads.InlineExecutorService.execute(InlineExecutorService.java:75) ~[tomcat-embed-core-10.1.4.jar:10.1.4]
	at java.base/java.util.concurrent.AbstractExecutorService.submit(AbstractExecutorService.java:145) ~[na:na]
	at org.apache.catalina.core.ContainerBase.stopInternal(ContainerBase.java:983) ~[tomcat-embed-core-10.1.4.jar:10.1.4]
	at org.apache.catalina.util.LifecycleBase.stop(LifecycleBase.java:257) ~[tomcat-embed-core-10.1.4.jar:10.1.4]
	at org.apache.catalina.core.ContainerBase$StopChild.call(ContainerBase.java:1409) ~[tomcat-embed-core-10.1.4.jar:10.1.4]
	at org.apache.catalina.core.ContainerBase$StopChild.call(ContainerBase.java:1398) ~[tomcat-embed-core-10.1.4.jar:10.1.4]
	at java.base/java.util.concurrent.FutureTask.run(FutureTask.java:264) ~[na:na]
	at org.apache.tomcat.util.threads.InlineExecutorService.execute(InlineExecutorService.java:75) ~[tomcat-embed-core-10.1.4.jar:10.1.4]
	at java.base/java.util.concurrent.AbstractExecutorService.submit(AbstractExecutorService.java:145) ~[na:na]
	at org.apache.catalina.core.ContainerBase.stopInternal(ContainerBase.java:983) ~[tomcat-embed-core-10.1.4.jar:10.1.4]
	at org.apache.catalina.util.LifecycleBase.stop(LifecycleBase.java:257) ~[tomcat-embed-core-10.1.4.jar:10.1.4]
	at org.apache.catalina.core.StandardService.stopInternal(StandardService.java:495) ~[tomcat-embed-core-10.1.4.jar:10.1.4]
	at org.apache.catalina.util.LifecycleBase.stop(LifecycleBase.java:257) ~[tomcat-embed-core-10.1.4.jar:10.1.4]
	at org.apache.catalina.core.StandardServer.stopInternal(StandardServer.java:978) ~[tomcat-embed-core-10.1.4.jar:10.1.4]
	at org.apache.catalina.util.LifecycleBase.stop(LifecycleBase.java:257) ~[tomcat-embed-core-10.1.4.jar:10.1.4]
	at org.apache.catalina.startup.Tomcat.stop(Tomcat.java:495) ~[tomcat-embed-core-10.1.4.jar:10.1.4]
	at org.springframework.boot.web.embedded.tomcat.TomcatWebServer.stopTomcat(TomcatWebServer.java:273) ~[spring-boot-3.0.1.jar:3.0.1]
	at org.springframework.boot.web.embedded.tomcat.TomcatWebServer.stop(TomcatWebServer.java:331) ~[spring-boot-3.0.1.jar:3.0.1]
	at org.springframework.boot.web.servlet.context.WebServerStartStopLifecycle.stop(WebServerStartStopLifecycle.java:53) ~[spring-boot-3.0.1.jar:3.0.1]
	at org.springframework.context.SmartLifecycle.stop(SmartLifecycle.java:117) ~[spring-context-6.0.3.jar:6.0.3]
	at org.springframework.context.support.DefaultLifecycleProcessor.doStop(DefaultLifecycleProcessor.java:234) ~[spring-context-6.0.3.jar:6.0.3]
	at org.springframework.context.support.DefaultLifecycleProcessor$LifecycleGroup.stop(DefaultLifecycleProcessor.java:373) ~[spring-context-6.0.3.jar:6.0.3]
	at org.springframework.context.support.DefaultLifecycleProcessor.stopBeans(DefaultLifecycleProcessor.java:206) ~[spring-context-6.0.3.jar:6.0.3]
	at org.springframework.context.support.DefaultLifecycleProcessor.onClose(DefaultLifecycleProcessor.java:129) ~[spring-context-6.0.3.jar:6.0.3]
	at org.springframework.context.support.AbstractApplicationContext.doClose(AbstractApplicationContext.java:1043) ~[spring-context-6.0.3.jar:6.0.3]
	at org.springframework.boot.web.servlet.context.ServletWebServerApplicationContext.doClose(ServletWebServerApplicationContext.java:173) ~[spring-boot-3.0.1.jar:3.0.1]
	at org.springframework.context.support.AbstractApplicationContext.close(AbstractApplicationContext.java:1001) ~[spring-context-6.0.3.jar:6.0.3]
	at org.springframework.boot.devtools.restart.Restarter.stop(Restarter.java:308) ~[spring-boot-devtools-3.0.1.jar:3.0.1]
	at org.springframework.boot.devtools.restart.Restarter.lambda$restart$1(Restarter.java:250) ~[spring-boot-devtools-3.0.1.jar:3.0.1]
	at org.springframework.boot.devtools.restart.Restarter$LeakSafeThread.run(Restarter.java:614) ~[spring-boot-devtools-3.0.1.jar:3.0.1]

2023-02-03T11:28:36.207+07:00  INFO 11608 --- [restartedMain] c.d.admin.DonationsBackEndApplication    : Starting DonationsBackEndApplication using Java 17.0.5 with PID 11608 (G:\Spring Project\DonationsProject\DonationsWebParent\DonationsBackEnd\target\classes started by nguye in G:\Spring Project\DonationsProject\DonationsWebParent\DonationsBackEnd)
2023-02-03T11:28:36.209+07:00 DEBUG 11608 --- [restartedMain] c.d.admin.DonationsBackEndApplication    : Running with Spring Boot v3.0.1, Spring v6.0.3
2023-02-03T11:28:36.209+07:00  INFO 11608 --- [restartedMain] c.d.admin.DonationsBackEndApplication    : No active profile set, falling back to 1 default profile: "default"
2023-02-03T11:28:36.760+07:00  WARN 11608 --- [restartedMain] o.a.c.c.C.[.[.[/DonationsAdmin]          : Cannot deserialize session attribute [SPRING_SECURITY_CONTEXT] for session [FF7DEAE6CDFD1366D24750B6E42D1BB7]
2023-02-03T11:28:36.833+07:00  WARN 11608 --- [restartedMain] org.hibernate.orm.deprecation            : HHH90000021: Encountered deprecated setting [javax.persistence.sharedCache.mode], use [jakarta.persistence.sharedCache.mode] instead
2023-02-03T11:28:36.886+07:00  WARN 11608 --- [restartedMain] org.hibernate.orm.deprecation            : HHH90000026: SQLServer2012Dialect has been deprecated; use org.hibernate.dialect.SQLServerDialect instead
2023-02-03T11:28:37.742+07:00  WARN 11608 --- [restartedMain] JpaBaseConfiguration$JpaWebConfiguration : spring.jpa.open-in-view is enabled by default. Therefore, database queries may be performed during view rendering. Explicitly configure spring.jpa.open-in-view to disable this warning
2023-02-03T11:28:38.244+07:00  WARN 11608 --- [restartedMain] o.s.s.c.a.web.builders.WebSecurity       : You are asking Spring Security to ignore Mvc [pattern='/images/**']. This is not recommended -- please use permitAll via HttpSecurity#authorizeHttpRequests instead.
2023-02-03T11:28:38.244+07:00  WARN 11608 --- [restartedMain] o.s.s.c.a.web.builders.WebSecurity       : You are asking Spring Security to ignore Mvc [pattern='/js/**']. This is not recommended -- please use permitAll via HttpSecurity#authorizeHttpRequests instead.
2023-02-03T11:28:38.244+07:00  WARN 11608 --- [restartedMain] o.s.s.c.a.web.builders.WebSecurity       : You are asking Spring Security to ignore Mvc [pattern='/webjars/**']. This is not recommended -- please use permitAll via HttpSecurity#authorizeHttpRequests instead.
2023-02-03T11:28:38.245+07:00  WARN 11608 --- [restartedMain] o.s.s.c.a.web.builders.WebSecurity       : You are asking Spring Security to ignore Mvc [pattern='/fontawesome-free-6.2.1-web/**']. This is not recommended -- please use permitAll via HttpSecurity#authorizeHttpRequests instead.
2023-02-03T11:28:38.245+07:00  WARN 11608 --- [restartedMain] o.s.s.c.a.web.builders.WebSecurity       : You are asking Spring Security to ignore Mvc [pattern='/style.css']. This is not recommended -- please use permitAll via HttpSecurity#authorizeHttpRequests instead.
2023-02-03T11:28:38.426+07:00  INFO 11608 --- [restartedMain] c.d.admin.DonationsBackEndApplication    : Started DonationsBackEndApplication in 2.272 seconds (process running for 397.03)
2023-02-03T11:28:51.913+07:00  INFO 11608 --- [restartedMain] c.d.admin.DonationsBackEndApplication    : Starting DonationsBackEndApplication using Java 17.0.5 with PID 11608 (G:\Spring Project\DonationsProject\DonationsWebParent\DonationsBackEnd\target\classes started by nguye in G:\Spring Project\DonationsProject\DonationsWebParent\DonationsBackEnd)
2023-02-03T11:28:51.914+07:00 DEBUG 11608 --- [restartedMain] c.d.admin.DonationsBackEndApplication    : Running with Spring Boot v3.0.1, Spring v6.0.3
2023-02-03T11:28:51.914+07:00  INFO 11608 --- [restartedMain] c.d.admin.DonationsBackEndApplication    : No active profile set, falling back to 1 default profile: "default"
2023-02-03T11:28:52.500+07:00  WARN 11608 --- [restartedMain] org.hibernate.orm.deprecation            : HHH90000021: Encountered deprecated setting [javax.persistence.sharedCache.mode], use [jakarta.persistence.sharedCache.mode] instead
2023-02-03T11:28:52.532+07:00  WARN 11608 --- [restartedMain] org.hibernate.orm.deprecation            : HHH90000026: SQLServer2012Dialect has been deprecated; use org.hibernate.dialect.SQLServerDialect instead
2023-02-03T11:28:53.149+07:00  WARN 11608 --- [restartedMain] JpaBaseConfiguration$JpaWebConfiguration : spring.jpa.open-in-view is enabled by default. Therefore, database queries may be performed during view rendering. Explicitly configure spring.jpa.open-in-view to disable this warning
2023-02-03T11:28:53.671+07:00  WARN 11608 --- [restartedMain] o.s.s.c.a.web.builders.WebSecurity       : You are asking Spring Security to ignore Mvc [pattern='/images/**']. This is not recommended -- please use permitAll via HttpSecurity#authorizeHttpRequests instead.
2023-02-03T11:28:53.684+07:00  WARN 11608 --- [restartedMain] o.s.s.c.a.web.builders.WebSecurity       : You are asking Spring Security to ignore Mvc [pattern='/js/**']. This is not recommended -- please use permitAll via HttpSecurity#authorizeHttpRequests instead.
2023-02-03T11:28:53.684+07:00  WARN 11608 --- [restartedMain] o.s.s.c.a.web.builders.WebSecurity       : You are asking Spring Security to ignore Mvc [pattern='/webjars/**']. This is not recommended -- please use permitAll via HttpSecurity#authorizeHttpRequests instead.
2023-02-03T11:28:53.686+07:00  WARN 11608 --- [restartedMain] o.s.s.c.a.web.builders.WebSecurity       : You are asking Spring Security to ignore Mvc [pattern='/fontawesome-free-6.2.1-web/**']. This is not recommended -- please use permitAll via HttpSecurity#authorizeHttpRequests instead.
2023-02-03T11:28:53.686+07:00  WARN 11608 --- [restartedMain] o.s.s.c.a.web.builders.WebSecurity       : You are asking Spring Security to ignore Mvc [pattern='/style.css']. This is not recommended -- please use permitAll via HttpSecurity#authorizeHttpRequests instead.
2023-02-03T11:28:53.804+07:00  INFO 11608 --- [restartedMain] c.d.admin.DonationsBackEndApplication    : Started DonationsBackEndApplication in 1.922 seconds (process running for 412.408)
2023-02-03T11:28:56.631+07:00  WARN 11608 --- [http-nio-8080-exec-2] actStandardFragmentInsertionTagProcessor : [THYMELEAF][http-nio-8080-exec-2][login] Deprecated unwrapped fragment expression "fragments :: page_head('Donations Admim - Login Page')" found in template login, line 3, col 7. Please use the complete syntax of fragment expressions instead ("~{fragments :: page_head('Donations Admim - Login Page')}"). The old, unwrapped syntax for fragment expressions will be removed in future versions of Thymeleaf.
2023-02-03T11:28:56.643+07:00  WARN 11608 --- [http-nio-8080-exec-2] actStandardFragmentInsertionTagProcessor : [THYMELEAF][http-nio-8080-exec-2][login] Deprecated unwrapped fragment expression "fragments :: footer" found in template login, line 62, col 8. Please use the complete syntax of fragment expressions instead ("~{fragments :: footer}"). The old, unwrapped syntax for fragment expressions will be removed in future versions of Thymeleaf.
2023-02-03T11:29:04.060+07:00  WARN 11608 --- [http-nio-8080-exec-1] actStandardFragmentInsertionTagProcessor : [THYMELEAF][http-nio-8080-exec-1][index] Deprecated unwrapped fragment expression "fragments :: page_head('Donations Admin - Home Page')" found in template index, line 4, col 7. Please use the complete syntax of fragment expressions instead ("~{fragments :: page_head('Donations Admin - Home Page')}"). The old, unwrapped syntax for fragment expressions will be removed in future versions of Thymeleaf.
2023-02-03T11:29:04.064+07:00  WARN 11608 --- [http-nio-8080-exec-1] actStandardFragmentInsertionTagProcessor : [THYMELEAF][http-nio-8080-exec-1][index] Deprecated unwrapped fragment expression "navigation :: navigationMenu" found in template index, line 8, col 8. Please use the complete syntax of fragment expressions instead ("~{navigation :: navigationMenu}"). The old, unwrapped syntax for fragment expressions will be removed in future versions of Thymeleaf.
2023-02-03T11:29:04.111+07:00  WARN 11608 --- [http-nio-8080-exec-1] actStandardFragmentInsertionTagProcessor : [THYMELEAF][http-nio-8080-exec-1][index] Deprecated unwrapped fragment expression "fragments :: footer" found in template index, line 16, col 7. Please use the complete syntax of fragment expressions instead ("~{fragments :: footer}"). The old, unwrapped syntax for fragment expressions will be removed in future versions of Thymeleaf.
2023-02-03T11:29:06.013+07:00  WARN 11608 --- [http-nio-8080-exec-9] actStandardFragmentInsertionTagProcessor : [THYMELEAF][http-nio-8080-exec-9][users/users] Deprecated unwrapped fragment expression "fragments :: page_head('Donations Admin Control Panel')" found in template users/users, line 3, col 7. Please use the complete syntax of fragment expressions instead ("~{fragments :: page_head('Donations Admin Control Panel')}"). The old, unwrapped syntax for fragment expressions will be removed in future versions of Thymeleaf.
2023-02-03T11:29:06.018+07:00  WARN 11608 --- [http-nio-8080-exec-9] actStandardFragmentInsertionTagProcessor : [THYMELEAF][http-nio-8080-exec-9][users/users] Deprecated unwrapped fragment expression "navigation :: navigationMenu" found in template users/users, line 7, col 8. Please use the complete syntax of fragment expressions instead ("~{navigation :: navigationMenu}"). The old, unwrapped syntax for fragment expressions will be removed in future versions of Thymeleaf.
2023-02-03T11:29:06.321+07:00  WARN 11608 --- [http-nio-8080-exec-9] actStandardFragmentInsertionTagProcessor : [THYMELEAF][http-nio-8080-exec-9][users/users] Deprecated unwrapped fragment expression "fragments :: footer" found in template users/users, line 249, col 8. Please use the complete syntax of fragment expressions instead ("~{fragments :: footer}"). The old, unwrapped syntax for fragment expressions will be removed in future versions of Thymeleaf.
2023-02-03T11:29:07.116+07:00  WARN 11608 --- [http-nio-8080-exec-4] actStandardFragmentInsertionTagProcessor : [THYMELEAF][http-nio-8080-exec-4][users/user_form] Deprecated unwrapped fragment expression "fragments :: page_head('User Form')" found in template users/user_form, line 3, col 7. Please use the complete syntax of fragment expressions instead ("~{fragments :: page_head('User Form')}"). The old, unwrapped syntax for fragment expressions will be removed in future versions of Thymeleaf.
2023-02-03T11:29:07.121+07:00  WARN 11608 --- [http-nio-8080-exec-4] actStandardFragmentInsertionTagProcessor : [THYMELEAF][http-nio-8080-exec-4][users/user_form] Deprecated unwrapped fragment expression "navigation :: navigationMenu" found in template users/user_form, line 6, col 8. Please use the complete syntax of fragment expressions instead ("~{navigation :: navigationMenu}"). The old, unwrapped syntax for fragment expressions will be removed in future versions of Thymeleaf.
2023-02-03T11:29:07.167+07:00  WARN 11608 --- [http-nio-8080-exec-4] actStandardFragmentInsertionTagProcessor : [THYMELEAF][http-nio-8080-exec-4][users/user_form] Deprecated unwrapped fragment expression "fragments :: footer" found in template users/user_form, line 110, col 8. Please use the complete syntax of fragment expressions instead ("~{fragments :: footer}"). The old, unwrapped syntax for fragment expressions will be removed in future versions of Thymeleaf.
2023-02-03T11:29:55.620+07:00 ERROR 11608 --- [http-nio-8080-exec-7] com.donations.admin.FileUploadUtil       : Could not list directory: user-photos\1003
2023-02-03T11:29:55.662+07:00  WARN 11608 --- [http-nio-8080-exec-7] actStandardFragmentInsertionTagProcessor : [THYMELEAF][http-nio-8080-exec-7][users/users] Deprecated unwrapped fragment expression "fragments :: page_head('Donations Admin Control Panel')" found in template users/users, line 3, col 7. Please use the complete syntax of fragment expressions instead ("~{fragments :: page_head('Donations Admin Control Panel')}"). The old, unwrapped syntax for fragment expressions will be removed in future versions of Thymeleaf.
2023-02-03T11:29:55.669+07:00  WARN 11608 --- [http-nio-8080-exec-7] actStandardFragmentInsertionTagProcessor : [THYMELEAF][http-nio-8080-exec-7][users/users] Deprecated unwrapped fragment expression "navigation :: navigationMenu" found in template users/users, line 7, col 8. Please use the complete syntax of fragment expressions instead ("~{navigation :: navigationMenu}"). The old, unwrapped syntax for fragment expressions will be removed in future versions of Thymeleaf.
2023-02-03T11:29:55.818+07:00  WARN 11608 --- [http-nio-8080-exec-7] actStandardFragmentInsertionTagProcessor : [THYMELEAF][http-nio-8080-exec-7][users/users] Deprecated unwrapped fragment expression "fragments :: footer" found in template users/users, line 249, col 8. Please use the complete syntax of fragment expressions instead ("~{fragments :: footer}"). The old, unwrapped syntax for fragment expressions will be removed in future versions of Thymeleaf.
2023-02-03T11:30:08.071+07:00  WARN 11608 --- [http-nio-8080-exec-1] actStandardFragmentInsertionTagProcessor : [THYMELEAF][http-nio-8080-exec-1][users/users] Deprecated unwrapped fragment expression "fragments :: page_head('Donations Admin Control Panel')" found in template users/users, line 3, col 7. Please use the complete syntax of fragment expressions instead ("~{fragments :: page_head('Donations Admin Control Panel')}"). The old, unwrapped syntax for fragment expressions will be removed in future versions of Thymeleaf.
2023-02-03T11:30:08.078+07:00  WARN 11608 --- [http-nio-8080-exec-1] actStandardFragmentInsertionTagProcessor : [THYMELEAF][http-nio-8080-exec-1][users/users] Deprecated unwrapped fragment expression "navigation :: navigationMenu" found in template users/users, line 7, col 8. Please use the complete syntax of fragment expressions instead ("~{navigation :: navigationMenu}"). The old, unwrapped syntax for fragment expressions will be removed in future versions of Thymeleaf.
2023-02-03T11:30:08.165+07:00  WARN 11608 --- [http-nio-8080-exec-1] actStandardFragmentInsertionTagProcessor : [THYMELEAF][http-nio-8080-exec-1][users/users] Deprecated unwrapped fragment expression "fragments :: footer" found in template users/users, line 249, col 8. Please use the complete syntax of fragment expressions instead ("~{fragments :: footer}"). The old, unwrapped syntax for fragment expressions will be removed in future versions of Thymeleaf.
2023-02-03T11:30:11.539+07:00  WARN 11608 --- [http-nio-8080-exec-1] actStandardFragmentInsertionTagProcessor : [THYMELEAF][http-nio-8080-exec-1][users/users] Deprecated unwrapped fragment expression "fragments :: page_head('Donations Admin Control Panel')" found in template users/users, line 3, col 7. Please use the complete syntax of fragment expressions instead ("~{fragments :: page_head('Donations Admin Control Panel')}"). The old, unwrapped syntax for fragment expressions will be removed in future versions of Thymeleaf.
2023-02-03T11:30:11.545+07:00  WARN 11608 --- [http-nio-8080-exec-1] actStandardFragmentInsertionTagProcessor : [THYMELEAF][http-nio-8080-exec-1][users/users] Deprecated unwrapped fragment expression "navigation :: navigationMenu" found in template users/users, line 7, col 8. Please use the complete syntax of fragment expressions instead ("~{navigation :: navigationMenu}"). The old, unwrapped syntax for fragment expressions will be removed in future versions of Thymeleaf.
2023-02-03T11:30:11.801+07:00  WARN 11608 --- [http-nio-8080-exec-1] actStandardFragmentInsertionTagProcessor : [THYMELEAF][http-nio-8080-exec-1][users/users] Deprecated unwrapped fragment expression "fragments :: footer" found in template users/users, line 249, col 8. Please use the complete syntax of fragment expressions instead ("~{fragments :: footer}"). The old, unwrapped syntax for fragment expressions will be removed in future versions of Thymeleaf.
2023-02-03T11:32:09.420+07:00  WARN 11608 --- [Thread-11] o.a.c.c.C.[.[.[/DonationsAdmin]          : Cannot serialize session attribute [SPRING_SECURITY_CONTEXT] for session [8D09BFE86BE99503FB51652D8E5B19F3]

java.io.NotSerializableException: com.donations.common.entity.User
	at java.base/java.io.ObjectOutputStream.writeObject0(ObjectOutputStream.java:1187) ~[na:na]
	at java.base/java.io.ObjectOutputStream.defaultWriteFields(ObjectOutputStream.java:1572) ~[na:na]
	at java.base/java.io.ObjectOutputStream.writeSerialData(ObjectOutputStream.java:1529) ~[na:na]
	at java.base/java.io.ObjectOutputStream.writeOrdinaryObject(ObjectOutputStream.java:1438) ~[na:na]
	at java.base/java.io.ObjectOutputStream.writeObject0(ObjectOutputStream.java:1181) ~[na:na]
	at java.base/java.io.ObjectOutputStream.defaultWriteFields(ObjectOutputStream.java:1572) ~[na:na]
	at java.base/java.io.ObjectOutputStream.writeSerialData(ObjectOutputStream.java:1529) ~[na:na]
	at java.base/java.io.ObjectOutputStream.writeOrdinaryObject(ObjectOutputStream.java:1438) ~[na:na]
	at java.base/java.io.ObjectOutputStream.writeObject0(ObjectOutputStream.java:1181) ~[na:na]
	at java.base/java.io.ObjectOutputStream.defaultWriteFields(ObjectOutputStream.java:1572) ~[na:na]
	at java.base/java.io.ObjectOutputStream.writeSerialData(ObjectOutputStream.java:1529) ~[na:na]
	at java.base/java.io.ObjectOutputStream.writeOrdinaryObject(ObjectOutputStream.java:1438) ~[na:na]
	at java.base/java.io.ObjectOutputStream.writeObject0(ObjectOutputStream.java:1181) ~[na:na]
	at java.base/java.io.ObjectOutputStream.writeObject(ObjectOutputStream.java:350) ~[na:na]
	at org.apache.catalina.session.StandardSession.doWriteObject(StandardSession.java:1625) ~[tomcat-embed-core-10.1.4.jar:10.1.4]
	at org.apache.catalina.session.StandardSession.writeObjectData(StandardSession.java:1050) ~[tomcat-embed-core-10.1.4.jar:10.1.4]
	at org.apache.catalina.session.StandardManager.doUnload(StandardManager.java:317) ~[tomcat-embed-core-10.1.4.jar:10.1.4]
	at org.apache.catalina.session.StandardManager.unload(StandardManager.java:268) ~[tomcat-embed-core-10.1.4.jar:10.1.4]
	at org.apache.catalina.session.StandardManager.stopInternal(StandardManager.java:384) ~[tomcat-embed-core-10.1.4.jar:10.1.4]
	at org.apache.catalina.util.LifecycleBase.stop(LifecycleBase.java:257) ~[tomcat-embed-core-10.1.4.jar:10.1.4]
	at org.apache.catalina.core.StandardContext.stopInternal(StandardContext.java:5392) ~[tomcat-embed-core-10.1.4.jar:10.1.4]
	at org.apache.catalina.util.LifecycleBase.stop(LifecycleBase.java:257) ~[tomcat-embed-core-10.1.4.jar:10.1.4]
	at org.apache.catalina.core.ContainerBase$StopChild.call(ContainerBase.java:1409) ~[tomcat-embed-core-10.1.4.jar:10.1.4]
	at org.apache.catalina.core.ContainerBase$StopChild.call(ContainerBase.java:1398) ~[tomcat-embed-core-10.1.4.jar:10.1.4]
	at java.base/java.util.concurrent.FutureTask.run(FutureTask.java:264) ~[na:na]
	at org.apache.tomcat.util.threads.InlineExecutorService.execute(InlineExecutorService.java:75) ~[tomcat-embed-core-10.1.4.jar:10.1.4]
	at java.base/java.util.concurrent.AbstractExecutorService.submit(AbstractExecutorService.java:145) ~[na:na]
	at org.apache.catalina.core.ContainerBase.stopInternal(ContainerBase.java:983) ~[tomcat-embed-core-10.1.4.jar:10.1.4]
	at org.apache.catalina.util.LifecycleBase.stop(LifecycleBase.java:257) ~[tomcat-embed-core-10.1.4.jar:10.1.4]
	at org.apache.catalina.core.ContainerBase$StopChild.call(ContainerBase.java:1409) ~[tomcat-embed-core-10.1.4.jar:10.1.4]
	at org.apache.catalina.core.ContainerBase$StopChild.call(ContainerBase.java:1398) ~[tomcat-embed-core-10.1.4.jar:10.1.4]
	at java.base/java.util.concurrent.FutureTask.run(FutureTask.java:264) ~[na:na]
	at org.apache.tomcat.util.threads.InlineExecutorService.execute(InlineExecutorService.java:75) ~[tomcat-embed-core-10.1.4.jar:10.1.4]
	at java.base/java.util.concurrent.AbstractExecutorService.submit(AbstractExecutorService.java:145) ~[na:na]
	at org.apache.catalina.core.ContainerBase.stopInternal(ContainerBase.java:983) ~[tomcat-embed-core-10.1.4.jar:10.1.4]
	at org.apache.catalina.util.LifecycleBase.stop(LifecycleBase.java:257) ~[tomcat-embed-core-10.1.4.jar:10.1.4]
	at org.apache.catalina.core.StandardService.stopInternal(StandardService.java:495) ~[tomcat-embed-core-10.1.4.jar:10.1.4]
	at org.apache.catalina.util.LifecycleBase.stop(LifecycleBase.java:257) ~[tomcat-embed-core-10.1.4.jar:10.1.4]
	at org.apache.catalina.core.StandardServer.stopInternal(StandardServer.java:978) ~[tomcat-embed-core-10.1.4.jar:10.1.4]
	at org.apache.catalina.util.LifecycleBase.stop(LifecycleBase.java:257) ~[tomcat-embed-core-10.1.4.jar:10.1.4]
	at org.apache.catalina.startup.Tomcat.stop(Tomcat.java:495) ~[tomcat-embed-core-10.1.4.jar:10.1.4]
	at org.springframework.boot.web.embedded.tomcat.TomcatWebServer.stopTomcat(TomcatWebServer.java:273) ~[spring-boot-3.0.1.jar:3.0.1]
	at org.springframework.boot.web.embedded.tomcat.TomcatWebServer.stop(TomcatWebServer.java:331) ~[spring-boot-3.0.1.jar:3.0.1]
	at org.springframework.boot.web.servlet.context.WebServerStartStopLifecycle.stop(WebServerStartStopLifecycle.java:53) ~[spring-boot-3.0.1.jar:3.0.1]
	at org.springframework.context.SmartLifecycle.stop(SmartLifecycle.java:117) ~[spring-context-6.0.3.jar:6.0.3]
	at org.springframework.context.support.DefaultLifecycleProcessor.doStop(DefaultLifecycleProcessor.java:234) ~[spring-context-6.0.3.jar:6.0.3]
	at org.springframework.context.support.DefaultLifecycleProcessor$LifecycleGroup.stop(DefaultLifecycleProcessor.java:373) ~[spring-context-6.0.3.jar:6.0.3]
	at org.springframework.context.support.DefaultLifecycleProcessor.stopBeans(DefaultLifecycleProcessor.java:206) ~[spring-context-6.0.3.jar:6.0.3]
	at org.springframework.context.support.DefaultLifecycleProcessor.onClose(DefaultLifecycleProcessor.java:129) ~[spring-context-6.0.3.jar:6.0.3]
	at org.springframework.context.support.AbstractApplicationContext.doClose(AbstractApplicationContext.java:1043) ~[spring-context-6.0.3.jar:6.0.3]
	at org.springframework.boot.web.servlet.context.ServletWebServerApplicationContext.doClose(ServletWebServerApplicationContext.java:173) ~[spring-boot-3.0.1.jar:3.0.1]
	at org.springframework.context.support.AbstractApplicationContext.close(AbstractApplicationContext.java:1001) ~[spring-context-6.0.3.jar:6.0.3]
	at org.springframework.boot.devtools.restart.Restarter.stop(Restarter.java:308) ~[spring-boot-devtools-3.0.1.jar:3.0.1]
	at org.springframework.boot.devtools.restart.Restarter.lambda$restart$1(Restarter.java:250) ~[spring-boot-devtools-3.0.1.jar:3.0.1]
	at org.springframework.boot.devtools.restart.Restarter$LeakSafeThread.run(Restarter.java:614) ~[spring-boot-devtools-3.0.1.jar:3.0.1]

